<?xml version="1.0" encoding="UTF-8"?>
<testng-results ignored="0" total="1" passed="1" failed="0" skipped="0">
  <reporter-output>
  </reporter-output>
  <suite started-at="2024-02-15T17:03:49 IST" name="Default suite" finished-at="2024-02-15T17:03:53 IST" duration-ms="3863">
    <groups>
    </groups>
    <test started-at="2024-02-15T17:03:49 IST" name="Default test" finished-at="2024-02-15T17:03:53 IST" duration-ms="3863">
      <class name="dayd.Authentication">
        <test-method signature="testBasicAuthentication()[pri:0, instance:dayd.Authentication@47d9a273]" started-at="2024-02-15T17:03:49 IST" name="testBasicAuthentication" finished-at="2024-02-15T17:03:53 IST" duration-ms="3813" status="PASS">
          <reporter-output>
          </reporter-output>
        </test-method> <!-- testBasicAuthentication -->
      </class> <!-- dayd.Authentication -->
    </test> <!-- Default test -->
  </suite> <!-- Default suite -->
</testng-results>
